[2024-05-22 16:13:26.030] [info] Using configuration file /home/ruslan/.config/waybar/config.jsonc
[2024-05-22 16:13:26.032] [info] Discovered appearance 'dark'
[2024-05-22 16:13:26.032] [info] Using CSS file /home/ruslan/.config/waybar/style.css
[2024-05-22 16:13:26.035] [info] Hyprland IPC starting
[2024-05-22 16:13:26.036] [info] Loading persistent workspaces from Hyprland workspace rules
[2024-05-22 16:13:26.075] [info] Bar configured (width: 2560, height: 30) for output: DP-3
Oomph! - Mitten ins Herz
[paused]  #181/3002   1:47/5:04 (35%)
volume:100%   repeat: off   random: off   single: off   consume: off
Oomph! - Mitten ins Herz
[playing] #181/3002   1:47/5:04 (35%)
volume:100%   repeat: off   random: off   single: off   consume: off
[2024-05-22 16:14:33.847] [info] Hyprland config reloaded, reinitializing hyprland/workspaces module...
[2024-05-22 16:14:33.847] [info] Loading persistent workspaces from Hyprland workspace rules
[2024-05-22 16:15:51.944] [info] Hyprland config reloaded, reinitializing hyprland/workspaces module...
[2024-05-22 16:15:51.944] [info] Loading persistent workspaces from Hyprland workspace rules
[2024-05-22 16:16:07.042] [info] Hyprland config reloaded, reinitializing hyprland/workspaces module...
[2024-05-22 16:16:07.043] [info] Loading persistent workspaces from Hyprland workspace rules
[2024-05-22 16:16:09.120] [info] Hyprland config reloaded, reinitializing hyprland/workspaces module...
[2024-05-22 16:16:09.121] [info] Loading persistent workspaces from Hyprland workspace rules
[2024-05-22 16:16:10.197] [info] Hyprland config reloaded, reinitializing hyprland/workspaces module...
[2024-05-22 16:16:10.198] [info] Loading persistent workspaces from Hyprland workspace rules
[2024-05-22 16:17:28.271] [info] Hyprland config reloaded, reinitializing hyprland/workspaces module...
[2024-05-22 16:17:28.272] [info] Loading persistent workspaces from Hyprland workspace rules
[2024-05-22 16:17:29.355] [info] Hyprland config reloaded, reinitializing hyprland/workspaces module...
[2024-05-22 16:17:29.355] [info] Loading persistent workspaces from Hyprland workspace rules
[2024-05-22 16:17:33.421] [info] Hyprland config reloaded, reinitializing hyprland/workspaces module...
[2024-05-22 16:17:33.422] [info] Loading persistent workspaces from Hyprland workspace rules
Billy Talent - Worker Bees
[paused]  #197/3002   0:38/3:45 (16%)
volume:100%   repeat: off   random: off   single: off   consume: off
Billy Talent - Worker Bees
[playing] #197/3002   0:38/3:45 (16%)
volume:100%   repeat: off   random: off   single: off   consume: off
